make all --print-data-base --no-builtin-variables --no-builtin-rules --question
make: *** No rule to make target 'all'.  Stop.
 
# GNU Make 4.2.1
# Built for x86_64-pc-linux-gnu
# Copyright (C) 1988-2016 Free Software Foundation, Inc.
# License GPLv3+: GNU GPL version 3 or later <http://gnu.org/licenses/gpl.html>
# This is free software: you are free to change and redistribute it.
# There is NO WARRANTY, to the extent permitted by law.

# Make data base, printed on Sun Oct 17 13:19:15 2021

# Variables

# 'override' directive
GNUMAKEFLAGS := 
# automatic
<D = $(patsubst %/,%,$(dir $<))
# automatic
?F = $(notdir $?)
# environment
DESKTOP_SESSION = plasma
# default
.SHELLFLAGS := -c
# environment
XDG_SESSION_CLASS = user
# environment
XDG_SESSION_TYPE = x11
# environment
VSCODE_LOG_NATIVE = false
# automatic
?D = $(patsubst %/,%,$(dir $?))
# environment
GTK_RC_FILES = /etc/gtk/gtkrc:/home/alexander/.gtkrc:/home/alexander/.config/gtkrc
# automatic
@D = $(patsubst %/,%,$(dir $@))
# environment
XAUTHORITY = /tmp/xauth-1000-_0
# environment
GDMSESSION = plasma
# default
MAKE_VERSION := 4.2.1
# makefile
CURDIR := /home/main/asoft-labs/posix_threads
# environment
RBENV_SHELL = bash
# environment
GDM_LANG = en_US.UTF-8
# environment
VSCODE_NLS_CONFIG = {"locale":"en-us","availableLanguages":{},"_languagePackSupport":true}
# environment
_ = /usr/share/code/code
# environment
QT_AUTO_SCREEN_SCALE_FACTOR = 0
# environment
MY_DEFAULT_PATH = /usr/local/bin:/usr/bin:/bin
# makefile
MAKEFILE_LIST := 
# automatic
@F = $(notdir $@)
# environment
USERNAME = alexander
# environment
XDG_DATA_DIRS = /usr/share:/usr/share:/usr/local/share
# environment
DBUS_SESSION_BUS_ADDRESS = unix:path=/run/user/1000/bus
# environment
MY_GCC_ARM_ROOT_V5 = /opt/gcc-arm-none/gcc-arm-none-eabi-5
# environment
XCURSOR_SIZE = 0
# environment
MY_ELDK4ARM_CXXVER = 4.2.2
# environment
LESSOPEN = |/usr/bin/lesspipe.sh %s 2>&-
# environment
VSCODE_CWD = /home/alexander
# environment
SBX_CHROME_API_RQ = 1
# default
MAKE_HOST := x86_64-pc-linux-gnu
# environment
PATH = /home/alexander/.local/bin:/home/alexander/.rbenv/shims:/home/alexander/.rbenv/bin:/home/alexander/.rbenv/shims:/home/alexander/.rbenv/bin:/usr/local/bin:/usr/bin:/bin:/usr/local/games:/usr/games:/home/alexander/.local/bin:/usr/local/go/bin
# environment
MY_TK28_SDK_2_1_1_ROOT = /opt/teledata/tk28
# environment
GPG_AGENT_INFO = /run/user/1000/gnupg/S.gpg-agent:0:1
# environment
XCURSOR_THEME = Adwaita
# environment
MY_ELDK3_CXXVER = 3.3.3
# environment
define TIMEFORMAT

real %3R	user %3U	sys %3S	pcpu %P

endef
# environment
SESSION_MANAGER = local/DEBIAN5820:@/tmp/.ICE-unix/2931,unix/DEBIAN5820:/tmp/.ICE-unix/2931
# environment
MY_TK28_SDK_CXX_VER = 5.3.0
# environment
MY_EMLIX_SYSROOT = /opt/emlix
# environment
LC_MESSAGES = en_US.UTF-8
# environment
DOT = 0
# environment
VSCODE_LOG_STACK = false
# environment
VSCODE_CRASH_REPORTER_START_OPTIONS = {"companyName":"Microsoft","productName":"VSCode","submitURL":"appcenter://code?aid=fba07a4d-84bd-4fc8-a125-9640fc8ce171&uid=2406cd89-a05a-4d76-b32a-3977f0e166b0&iid=2406cd89-a05a-4d76-b32a-3977f0e166b0&sid=2406cd89-a05a-4d76-b32a-3977f0e166b0","uploadToServer":true}
# environment
GTK2_RC_FILES = /etc/gtk-2.0/gtkrc:/home/alexander/.gtkrc-2.0:/home/alexander/.config/gtkrc-2.0
# default
.FEATURES := target-specific order-only second-expansion else-if shortest-stem undefine oneshell archives jobserver output-sync check-symlink load
# environment
LS_COLORS = 
# environment
MY_ROOT_ARM_EABI_CXX_VER = 4.9.2
# environment
XDG_SESSION_DESKTOP = plasma
# environment
SSH_AUTH_SOCK = /tmp/ssh-7bQH0IkqGnpL/agent.2818
# automatic
%F = $(notdir $%)
# environment
DISPLAY = :0
# environment
MY_ROOT_OSELAS_603 = /opt/oselas
# environment
VISUAL = vim
# environment
MY_ELDK4_SYSROOT = /opt/eldk4
# environment
VSCODE_VERBOSE_LOGGING = true
# environment
VSCODE_PIPE_LOGGING = true
# environment
PWD = /home/main/asoft-labs/posix_threads
# environment
KDE_SESSION_VERSION = 5
# default
.LOADED := 
# environment
XDG_SEAT = seat0
# environment
SSH_AGENT_PID = 2866
# environment
HISTTIMEFORMAT = %H:%M > 
# environment
ORIGINAL_XDG_CURRENT_DESKTOP = KDE
# environment
GTK_MODULES = gail:atk-bridge
# environment
VSCODE_AMD_ENTRYPOINT = vs/workbench/services/extensions/node/extensionHostProcess
# environment
HOME = /home/alexander
# environment
LESSCLOSE = /usr/bin/lesspipe %s %s
# environment
VSCODE_CODE_CACHE_PATH = /home/alexander/.config/Code/CachedData/7f6ab5485bbc008386c4386d08766667e155244e
# environment
LOGNAME = alexander
# environment
MYNAMESPACE = unknown
# environment
APPLICATION_INSIGHTS_NO_DIAGNOSTIC_CHANNEL = true
# environment
KDE_FULL_SESSION = true
# environment
VSCODE_HANDLES_UNCAUGHT_ERRORS = true
# automatic
^D = $(patsubst %/,%,$(dir $^))
# environment
MAJOR = 0
# environment
XDG_VTNR = 2
# environment
MAKELEVEL := 0
# default
MAKE = $(MAKE_COMMAND)
# default
MAKECMDGOALS := all
# environment
SHLVL = 0
# environment
VSCODE_IPC_HOOK_EXTHOST = /run/user/1000/vscode-ipc-24f9b4b3-2f98-477d-8ffd-964d7c9ba0b7.sock
# environment
XDG_SESSION_ID = 3
# environment
HOSTFILE = /home/alexander/.hosts
# environment
USER = alexander
# environment
LC_CTYPE = en_US.UTF-8
# makefile
.DEFAULT_GOAL := 
# environment
XDG_CURRENT_DESKTOP = KDE
# environment
NAME = unknown
# automatic
%D = $(patsubst %/,%,$(dir $%))
# environment
MILESTONE = 
# environment
NAME_VERSION = unknown
# default
MAKE_COMMAND := make
# environment
PATH_ORIG = /usr/local/bin:/usr/bin:/bin:/usr/local/games:/usr/games
# default
.VARIABLES := 
# automatic
*F = $(notdir $*)
# environment
LANGUAGE = en_US:en_GB:de
# environment
VSCODE_IPC_HOOK = /run/user/1000/vscode-18a7b2bb-1.60.2-main.sock
# makefile
MAKEFLAGS = pqrR
# environment
MFLAGS = -pqrR
# automatic
*D = $(patsubst %/,%,$(dir $*))
# environment
BREAKPAD_DUMP_LOCATION = /home/alexander/.config/Code/exthost Crash Reports
# automatic
+D = $(patsubst %/,%,$(dir $+))
# makefile
SHELL = /bin/sh
# environment
GDK_BACKEND = x11
# environment
MY_EMLIX_CXXVER = 4.3.4
# automatic
+F = $(notdir $+)
# environment
MY_TK102_SDK_3_ROOT = /opt/teledata/v3.0
# environment
MY_ELDK4ARM_SYSROOT = /opt/eldk-arm
# environment
SVN_EDITOR = vim
# environment
QT_ACCESSIBILITY = 1
# default
MAKEFILES := 
# automatic
<F = $(notdir $<)
# environment
MY_WINCONFIG_PATH = /home/main/ctrlprj/winconfig
 
# environment
MY_ELDK3_SYSROOT = /opt/eldk3
# environment
ELECTRON_RUN_AS_NODE = 1
# environment
MY_TK102_SDK_2_1_1_ROOT = /opt/teledata/tk102
# environment
EDITOR = vim
# environment
PAGER = less
# environment
GCC_COLORS = error=01;31:warning=01;35:note=01;36:caret=01;32:locus=01:quote=01
# environment
LC_ALL = C
# environment
MY_ELDK4_CXXVER = 4.2.2
# environment
MY_GCC_ARM_ROOT_V6 = /opt/gcc-arm-none/gcc-arm-none-eabi-6
# environment
MY_TK102_SDK_CXX_VER = 5.3.0
# automatic
^F = $(notdir $^)
# environment
MINOR = 0
# default
SUFFIXES := 
# environment
GS_LIB = /home/alexander/.fonts
# environment
CHROME_DESKTOP = code-url-handler.desktop
# environment
WINDOWPATH = 2
# default
.INCLUDE_DIRS = /usr/include /usr/local/include /usr/include
# environment
HISTIGNORE = &:bg:fg:ll:h
# default
.RECIPEPREFIX := 
# environment
XDG_RUNTIME_DIR = /run/user/1000
# environment
LANG = C
# environment
MY_ROOT_ARM_EABI = /opt/arm-cs-tools
# environment
VSCODE_PID = 6030
# environment
KDE_SESSION_UID = 1000
# variable set hash-table stats:
# Load=140/1024=14%, Rehash=0, Collisions=21/162=13%

# Pattern-specific Variable Values

# No pattern-specific variable values.

# Directories

# . (device 65026, inode 2189): 6 files, no impossibilities.

# 6 files, no impossibilities in 1 directories.

# Implicit Rules

# No implicit rules.

# Files

# Not a target:
all:
#  Command line target.
#  Implicit rule search has been done.
#  File does not exist.
#  File has not been updated.

# Not a target:
Makefile:
#  Implicit rule search has been done.
#  File does not exist.
#  File has been updated.
#  Failed to be updated.

# Not a target:
makefile:
#  Implicit rule search has been done.
#  File does not exist.
#  File has been updated.
#  Failed to be updated.

# Not a target:
.DEFAULT:
#  Implicit rule search has not been done.
#  Modification time never checked.
#  File has not been updated.

# Not a target:
GNUmakefile:
#  Implicit rule search has been done.
#  File does not exist.
#  File has been updated.
#  Failed to be updated.

# files hash-table stats:
# Load=6/1024=1%, Rehash=0, Collisions=0/15=0%
# VPATH Search Paths

# No 'vpath' search paths.

# No general ('VPATH' variable) search path.

# strcache buffers: 1 (0) / strings = 14 / storage = 122 B / avg = 8 B
# current buf: size = 8162 B / used = 122 B / count = 14 / avg = 8 B

# strcache performance: lookups = 17 / hit rate = 17%
# hash-table stats:
# Load=14/8192=0%, Rehash=0, Collisions=1/17=6%
# Finished Make data base on Sun Oct 17 13:19:15 2021

 
